<?xml version="1.0" encoding="UTF-8"?>
<testng-results skipped="0" failed="0" ignored="0" total="1" passed="1">
  <reporter-output>
  </reporter-output>
  <suite name="Default suite" duration-ms="51362" started-at="2022-05-29T07:24:19 IST" finished-at="2022-05-29T07:25:10 IST">
    <groups>
    </groups>
    <test name="Default test" duration-ms="51362" started-at="2022-05-29T07:24:19 IST" finished-at="2022-05-29T07:25:10 IST">
      <class name="demo.Demo_v4">
        <test-method status="PASS" signature="beforeTest()[pri:0, instance:demo.Demo_v4@43814d18]" name="beforeTest" is-config="true" duration-ms="133" started-at="2022-05-29T07:24:19 IST" finished-at="2022-05-29T07:24:19 IST">
          <reporter-output>
          </reporter-output>
        </test-method> <!-- beforeTest -->
        <test-method status="PASS" signature="test()[pri:0, instance:demo.Demo_v4@43814d18]" name="test" duration-ms="36350" started-at="2022-05-29T07:24:19 IST" finished-at="2022-05-29T07:24:55 IST">
          <reporter-output>
          </reporter-output>
        </test-method> <!-- test -->
        <test-method status="PASS" signature="afterTest()[pri:0, instance:demo.Demo_v4@43814d18]" name="afterTest" is-config="true" duration-ms="14705" started-at="2022-05-29T07:24:55 IST" finished-at="2022-05-29T07:25:10 IST">
          <reporter-output>
          </reporter-output>
        </test-method> <!-- afterTest -->
      </class> <!-- demo.Demo_v4 -->
    </test> <!-- Default test -->
  </suite> <!-- Default suite -->
</testng-results>
